2026-02-26 16:17:24,817 | INFO | Starting Bronze Layer
2026-02-26 16:19:47,208 | INFO | Starting Bronze Layer
2026-02-26 16:21:04,985 | INFO | Starting Bronze Layer
2026-02-26 16:21:04,990 | INFO | Bronze layer completed
2026-02-26 16:21:04,990 | INFO | Starting Silver Layer
2026-02-26 16:21:04,996 | INFO | Silver layer completed
2026-02-26 16:39:35,255 | INFO | Starting Bronze Layer
2026-02-26 16:39:35,260 | INFO | Bronze layer completed
2026-02-26 16:39:35,260 | INFO | Starting Silver Layer
2026-02-26 16:39:35,266 | INFO | Silver layer completed
2026-02-26 16:39:35,266 | INFO | Starting Gold Layer
2026-02-26 16:39:35,268 | INFO | Total Revenue: 196100
2026-02-26 16:39:35,268 | INFO | Total Orders: 15
2026-02-26 16:39:35,274 | INFO | Gold Layer Completed Successfully
2026-02-26 16:51:05,125 | INFO | Starting Bronze Layer
2026-02-26 16:51:05,129 | INFO | Bronze layer completed
2026-02-26 16:51:05,129 | INFO | Starting Silver Layer
2026-02-26 16:51:05,135 | INFO | Silver layer completed
2026-02-26 16:51:05,135 | INFO | Starting Gold Layer
2026-02-26 16:51:05,138 | INFO | Total Revenue: 196100
2026-02-26 16:51:05,138 | INFO | Total Orders: 15
2026-02-26 16:51:05,144 | INFO | Gold Layer Completed Successfully
2026-02-26 16:51:05,144 | INFO | Starting Loyalty Engine (RFM)
2026-02-26 16:51:05,154 | INFO | Loyalty Engine Completed Successfully
